#-----------------------------------------------------------
# Vivado v2018.3 (64-bit)
# SW Build 2405991 on Thu Dec  6 23:36:41 MST 2018
# IP Build 2404404 on Fri Dec  7 01:43:56 MST 2018
# Start of session at: Thu Mar 30 00:10:14 2023
# Process ID: 2471104
# Current directory: /home/ssddls1/ashutosh/ashufpga/fpga/fpga-shells/xilinx/zcu102/tcl
# Command line: vivado
# Log file: /home/ssddls1/ashutosh/ashufpga/fpga/fpga-shells/xilinx/zcu102/tcl/vivado.log
# Journal file: /home/ssddls1/ashutosh/ashufpga/fpga/fpga-shells/xilinx/zcu102/tcl/vivado.jou
#-----------------------------------------------------------
start_gui
open_project /home/ssddls1/ashutosh/project_2/project_2.xpr
Scanning sources...
Finished scanning sources
INFO: [IP_Flow 19-234] Refreshing IP repositories
INFO: [IP_Flow 19-1704] No user IP repositories specified
INFO: [IP_Flow 19-2313] Loaded Vivado IP repository '/tools/Xilinx/Vivado/2018.3/data/ip'.
open_project: Time (s): cpu = 00:00:14 ; elapsed = 00:00:09 . Memory (MB): peak = 6395.000 ; gain = 124.289 ; free physical = 9423 ; free virtual = 12989
exit
INFO: [Common 17-206] Exiting Vivado at Thu Mar 30 00:10:57 2023...
