#-----------------------------------------------------------
# Vivado v2018.3 (64-bit)
# SW Build 2405991 on Thu Dec  6 23:36:41 MST 2018
# IP Build 2404404 on Fri Dec  7 01:43:56 MST 2018
# Start of session at: Tue Mar 21 17:12:02 2023
# Process ID: 120763
# Current directory: /home/ssddls1/ashutosh/ashufpga/fpga
# Command line: vivado
# Log file: /home/ssddls1/ashutosh/ashufpga/fpga/vivado.log
# Journal file: /home/ssddls1/ashutosh/ashufpga/fpga/vivado.jou
#-----------------------------------------------------------
start_gui
open_project /home/ssddls1/ashutosh/project_1/project_1.xpr
Scanning sources...
Finished scanning sources
INFO: [IP_Flow 19-234] Refreshing IP repositories
INFO: [IP_Flow 19-1704] No user IP repositories specified
INFO: [IP_Flow 19-2313] Loaded Vivado IP repository '/tools/Xilinx/Vivado/2018.3/data/ip'.
open_project: Time (s): cpu = 00:00:13 ; elapsed = 00:00:08 . Memory (MB): peak = 6430.270 ; gain = 152.559 ; free physical = 9141 ; free virtual = 15923
update_compile_order -fileset sources_1
open_bd_design {/home/ssddls1/ashutosh/project_1/project_1.srcs/sources_1/bd/design_1/design_1.bd}
Adding cell -- xilinx.com:ip:ddr4:2.2 - ddr4_0
Successfully read diagram <design_1> from BD file </home/ssddls1/ashutosh/project_1/project_1.srcs/sources_1/bd/design_1/design_1.bd>
set_property CONFIG.C0.DDR4_AxiAddressWidth 28 [get_bd_cells /ddr4_0]
INFO: [Device 21-403] Loading part xczu9eg-ffvb1156-2-e
ERROR: [IP_Flow 19-3461] Value '28' is out of the range for parameter 'C0.DDR4 AxiAddressWidth(C0.DDR4_AxiAddressWidth)' for BD Cell 'ddr4_0' . Valid values are - 29
INFO: [IP_Flow 19-3438] Customization errors found on 'ddr4_0'. Restoring to previous valid configuration.
ERROR: [BD 41-245] set_property error - Value '28' is out of the range for parameter 'C0.DDR4 AxiAddressWidth(C0.DDR4_AxiAddressWidth)' for BD Cell 'ddr4_0' . Valid values are - 29
Customization errors found on 'ddr4_0'. Restoring to previous valid configuration.

ERROR: [Common 17-39] 'set_property' failed due to earlier errors.
exit
INFO: [Common 17-206] Exiting Vivado at Fri Mar 24 13:20:48 2023...
