#-----------------------------------------------------------
# Vivado v2017.1 (64-bit)
# SW Build 1846317 on Fri Apr 14 18:54:47 MDT 2017
# IP Build 1846188 on Fri Apr 14 20:52:08 MDT 2017
# Start of session at: Mon Mar 27 12:42:55 2023
# Process ID: 1162512
# Current directory: /home/ssddls1/ashutosh/ashufpga/fpga
# Command line: vivado
# Log file: /home/ssddls1/ashutosh/ashufpga/fpga/vivado.log
# Journal file: /home/ssddls1/ashutosh/ashufpga/fpga/vivado.jou
#-----------------------------------------------------------
start_gui
open_project /home/ssddls1/ashutosh/ashufpga/fpga/generated-src/chipyard.fpga.vcu118.VCU118FPGATestHarness.RocketVCU118Config/VCU118FPGATestHarness.xpr
Scanning sources...
ERROR: [Common 17-70] Application Exception: SrcMgr::createSS : type not set
open_project /home/ssddls1/ashutosh/ashufpga/fpga/generated-src/chipyard.fpga.vcu118.VCU118FPGATestHarness.RocketVCU118Config/VCU118FPGATestHarness.xpr
Scanning sources...
ERROR: [Common 17-70] Application Exception: SrcMgr::createSS : type not set
exit
INFO: [Common 17-206] Exiting Vivado at Mon Mar 27 12:45:40 2023...
