#-----------------------------------------------------------
# Vivado v2018.3 (64-bit)
# SW Build 2405991 on Thu Dec  6 23:36:41 MST 2018
# IP Build 2404404 on Fri Dec  7 01:43:56 MST 2018
# Start of session at: Fri Mar 24 12:45:31 2023
# Process ID: 553162
# Current directory: /home/ssddls1/ashutosh/ashufpga/fpga/src/main/scala/zcu102
# Command line: vivado
# Log file: /home/ssddls1/ashutosh/ashufpga/fpga/src/main/scala/zcu102/vivado.log
# Journal file: /home/ssddls1/ashutosh/ashufpga/fpga/src/main/scala/zcu102/vivado.jou
#-----------------------------------------------------------
start_gui
open_project /home/ssddls1/tsingla/fpgayard/fpga/generated-src/chipyard.fpga.zcu106.ZCU106FPGATestHarness.RocketZCU106Config/ZCU106FPGATestHarness.xpr
Scanning sources...
Finished scanning sources
INFO: [IP_Flow 19-234] Refreshing IP repositories
INFO: [IP_Flow 19-1700] Loaded user IP repository '/home/ssddls1/tsingla/fpgayard/fpga/generated-src/chipyard.fpga.zcu106.ZCU106FPGATestHarness.RocketZCU106Config/obj/ip'.
INFO: [IP_Flow 19-2313] Loaded Vivado IP repository '/tools/Xilinx/Vivado/2018.3/data/ip'.
open_project: Time (s): cpu = 00:00:13 ; elapsed = 00:00:10 . Memory (MB): peak = 6429.094 ; gain = 161.383 ; free physical = 7979 ; free virtual = 10575
update_compile_order -fileset sources_1
INFO: [Device 21-403] Loading part xczu7ev-ffvc1156-2-e
